<?xml version="1.0" encoding="UTF-8"?>
<!-- Generated by org.testng.reporters.JUnitXMLReporter -->
<testsuite ignored="0" hostname="DL-LP-36" failures="1" tests="2" name="Surefire test" time="28.412" errors="0" timestamp="2022-04-13T11:39:33 WAT">
  <testcase classname="com.spokenly.digitarm.CallReportTest" name="SelectCallAndGrid1" time="14.107"/>
  <testcase classname="com.spokenly.digitarm.CallReportTest" name="SelectCallAndGrid2" time="4.694">
    <failure type="java.lang.AssertionError" message="expected [true] but found [false]">
      <![CDATA[java.lang.AssertionError: expected [true] but found [false]
at com.spokenly.digitarm.CallReportTest.SelectCallAndGrid2(CallReportTest.java:64)
at java.base/java.util.ArrayList.forEach(ArrayList.java:1511)
... Removed 36 stack frames]]>
    </failure>
  </testcase> <!-- SelectCallAndGrid2 -->
</testsuite> <!-- Surefire test -->
