<?xml version="1.0" encoding="UTF-8"?>
<!-- Generated by org.testng.reporters.JUnitXMLReporter -->
<testsuite ignored="2" hostname="DL-LP-36" failures="0" tests="7" name="Default test" time="43.057" errors="0" timestamp="2022-04-20T14:39:03 WAT">
  <testcase classname="com.spokenly.digitarm.CallReportTest" name="SelectCallAndGrid3" time="4.653"/>
  <testcase classname="com.spokenly.digitarm.CallReportTest" name="SelectCallAndGrid3" time="4.631"/>
  <testcase classname="com.spokenly.digitarm.CallReportTest" name="SelectCallAndGrid3" time="4.247"/>
  <testcase classname="com.spokenly.digitarm.CallReportTest" name="SelectCallAndGrid3" time="4.309"/>
  <testcase classname="com.spokenly.digitarm.CallReportTest" name="SelectCallAndGrid3" time="5.079"/>
  <testcase classname="com.spokenly.digitarm.CallReportTest" name="SelectCallAndGrid3" time="4.369"/>
  <testcase classname="com.spokenly.digitarm.CallReportTest" name="SelectCallAndGrid3" time="3.606">
    <skipped/>
  </testcase> <!-- SelectCallAndGrid3 -->
  <testcase classname="com.spokenly.digitarm.CallReportTest" name="SelectCallAndGrid1" time="0.0">
    <ignored/>
  </testcase> <!-- SelectCallAndGrid1 -->
  <testcase classname="com.spokenly.digitarm.CallReportTest" name="SelectCallAndGrid2" time="0.0">
    <ignored/>
  </testcase> <!-- SelectCallAndGrid2 -->
</testsuite> <!-- Default test -->
