<?xml version="1.0" encoding="UTF-8"?>
<testng-results ignored="0" total="1" passed="1" failed="0" skipped="0">
  <reporter-output>
    <line>
      <![CDATA[Driver got initialized]]>
    </line>
    <line>
      <![CDATA[Test is starting ....]]>
    </line>
    <line>
      <![CDATA[Logged in successfully]]>
    </line>
    <line>
      <![CDATA[Running Filter ....]]>
    </line>
    <line>
      <![CDATA[Agent DL1967 calls are selected ]]>
    </line>
    <line>
      <![CDATA[The grid is selected successfully]]>
    </line>
  </reporter-output>
  <suite started-at="2022-06-02T11:09:19 WAT" name="Default suite" finished-at="2022-06-02T11:09:29 WAT" duration-ms="9910">
    <groups>
    </groups>
    <test started-at="2022-06-02T11:09:19 WAT" name="Default test" finished-at="2022-06-02T11:09:29 WAT" duration-ms="9910">
      <class name="com.spokenly.digitarm.GridSubItemAndCoefVerification">
        <test-method is-config="true" signature="SetUpChrome()[pri:0, instance:com.spokenly.digitarm.GridSubItemAndCoefVerification@6221a451]" started-at="2022-06-02T11:09:20 WAT" name="SetUpChrome" finished-at="2022-06-02T11:09:23 WAT" duration-ms="2984" status="PASS">
          <reporter-output>
            <line>
              <![CDATA[Driver got initialized]]>
            </line>
          </reporter-output>
        </test-method> <!-- SetUpChrome -->
        <test-method signature="ItemCoefVerifcation(java.lang.String)[pri:0, instance:com.spokenly.digitarm.GridSubItemAndCoefVerification@6221a451]" started-at="2022-06-02T11:09:23 WAT" name="ItemCoefVerifcation" data-provider="CoefandSubItemData" finished-at="2022-06-02T11:09:29 WAT" duration-ms="6262" status="PASS">
          <params>
            <param index="0">
              <value>
                <![CDATA[[Accueil de l'interlocuteur, Identification, 60, 50]]]>
              </value>
            </param>
          </params>
          <reporter-output>
            <line>
              <![CDATA[Test is starting ....]]>
            </line>
            <line>
              <![CDATA[Logged in successfully]]>
            </line>
            <line>
              <![CDATA[Running Filter ....]]>
            </line>
            <line>
              <![CDATA[Agent DL1967 calls are selected ]]>
            </line>
            <line>
              <![CDATA[The grid is selected successfully]]>
            </line>
          </reporter-output>
        </test-method> <!-- ItemCoefVerifcation -->
      </class> <!-- com.spokenly.digitarm.GridSubItemAndCoefVerification -->
    </test> <!-- Default test -->
  </suite> <!-- Default suite -->
</testng-results>
