<?xml version="1.0" encoding="UTF-8"?>
<testng-results ignored="0" total="1" passed="1" failed="0" skipped="0">
  <reporter-output>
    <line>
      <![CDATA[Driver got initialized]]>
    </line>
    <line>
      <![CDATA[Test is starting ....]]>
    </line>
    <line>
      <![CDATA[Logged in successfully]]>
    </line>
    <line>
      <![CDATA[First Call details in opened successfully]]>
    </line>
    <line>
      <![CDATA[The eval report page is displaying .... ]]>
    </line>
    <line>
      <![CDATA[The list of sub-items is expanded successfully]]>
    </line>
  </reporter-output>
  <suite started-at="2022-06-03T15:19:13 WAT" name="Default suite" finished-at="2022-06-03T15:19:21 WAT" duration-ms="8287">
    <groups>
    </groups>
    <test started-at="2022-06-03T15:19:13 WAT" name="Default test" finished-at="2022-06-03T15:19:21 WAT" duration-ms="8287">
      <class name="com.spokenly.digitarm.TestClass">
        <test-method is-config="true" signature="SetUpChrome()[pri:0, instance:com.spokenly.digitarm.TestClass@71ba6d4e]" started-at="2022-06-03T15:19:13 WAT" name="SetUpChrome" finished-at="2022-06-03T15:19:17 WAT" duration-ms="4391" status="PASS">
          <reporter-output>
            <line>
              <![CDATA[Driver got initialized]]>
            </line>
          </reporter-output>
        </test-method> <!-- SetUpChrome -->
        <test-method signature="VerifyEval()[pri:0, instance:com.spokenly.digitarm.TestClass@71ba6d4e]" started-at="2022-06-03T15:19:17 WAT" name="VerifyEval" finished-at="2022-06-03T15:19:21 WAT" duration-ms="3863" status="PASS">
          <reporter-output>
            <line>
              <![CDATA[Test is starting ....]]>
            </line>
            <line>
              <![CDATA[Logged in successfully]]>
            </line>
            <line>
              <![CDATA[First Call details in opened successfully]]>
            </line>
            <line>
              <![CDATA[The eval report page is displaying .... ]]>
            </line>
            <line>
              <![CDATA[The list of sub-items is expanded successfully]]>
            </line>
          </reporter-output>
        </test-method> <!-- VerifyEval -->
      </class> <!-- com.spokenly.digitarm.TestClass -->
    </test> <!-- Default test -->
  </suite> <!-- Default suite -->
</testng-results>
