<?xml version="1.0" encoding="UTF-8"?>
<testng-results ignored="2" total="9" passed="6" failed="0" skipped="1">
  <reporter-output>
    <line>
      <![CDATA[Driver got initialized]]>
    </line>
    <line>
      <![CDATA[Test is starting ....]]>
    </line>
    <line>
      <![CDATA[Logged in successfully]]>
    </line>
    <line>
      <![CDATA[Running Filter ....]]>
    </line>
    <line>
      <![CDATA[Element is present ....]]>
    </line>
    <line>
      <![CDATA[Browser closed]]>
    </line>
    <line>
      <![CDATA[Driver got initialized]]>
    </line>
    <line>
      <![CDATA[Test is starting ....]]>
    </line>
    <line>
      <![CDATA[Logged in successfully]]>
    </line>
    <line>
      <![CDATA[Running Filter ....]]>
    </line>
    <line>
      <![CDATA[Element is present ....]]>
    </line>
    <line>
      <![CDATA[Browser closed]]>
    </line>
    <line>
      <![CDATA[Driver got initialized]]>
    </line>
    <line>
      <![CDATA[Test is starting ....]]>
    </line>
    <line>
      <![CDATA[Logged in successfully]]>
    </line>
    <line>
      <![CDATA[Running Filter ....]]>
    </line>
    <line>
      <![CDATA[Element is present ....]]>
    </line>
    <line>
      <![CDATA[Browser closed]]>
    </line>
    <line>
      <![CDATA[Driver got initialized]]>
    </line>
    <line>
      <![CDATA[Test is starting ....]]>
    </line>
    <line>
      <![CDATA[Logged in successfully]]>
    </line>
    <line>
      <![CDATA[Running Filter ....]]>
    </line>
    <line>
      <![CDATA[Element is present ....]]>
    </line>
    <line>
      <![CDATA[Browser closed]]>
    </line>
    <line>
      <![CDATA[Driver got initialized]]>
    </line>
    <line>
      <![CDATA[Test is starting ....]]>
    </line>
    <line>
      <![CDATA[Logged in successfully]]>
    </line>
    <line>
      <![CDATA[Running Filter ....]]>
    </line>
    <line>
      <![CDATA[Element is present ....]]>
    </line>
    <line>
      <![CDATA[Browser closed]]>
    </line>
    <line>
      <![CDATA[Driver got initialized]]>
    </line>
    <line>
      <![CDATA[Test is starting ....]]>
    </line>
    <line>
      <![CDATA[Logged in successfully]]>
    </line>
    <line>
      <![CDATA[Running Filter ....]]>
    </line>
    <line>
      <![CDATA[Element is present ....]]>
    </line>
    <line>
      <![CDATA[Browser closed]]>
    </line>
    <line>
      <![CDATA[Driver got initialized]]>
    </line>
    <line>
      <![CDATA[Test is starting ....]]>
    </line>
    <line>
      <![CDATA[Logged in successfully]]>
    </line>
    <line>
      <![CDATA[Running Filter ....]]>
    </line>
    <line>
      <![CDATA[Element is present ....]]>
    </line>
    <line>
      <![CDATA[Browser closed]]>
    </line>
  </reporter-output>
  <suite started-at="2022-04-20T14:38:20 WAT" name="Default suite" finished-at="2022-04-20T14:39:03 WAT" duration-ms="43057">
    <groups>
    </groups>
    <test started-at="2022-04-20T14:38:20 WAT" name="Default test" finished-at="2022-04-20T14:39:03 WAT" duration-ms="43057">
      <class name="com.spokenly.digitarm.CallReportTest">
        <test-method is-config="true" signature="SetUpChrome()[pri:0, instance:com.spokenly.digitarm.CallReportTest@6e0f5f7f]" started-at="2022-04-20T14:38:21 WAT" name="SetUpChrome" finished-at="2022-04-20T14:38:23 WAT" duration-ms="2024" status="PASS">
          <reporter-output>
            <line>
              <![CDATA[Driver got initialized]]>
            </line>
          </reporter-output>
        </test-method> <!-- SetUpChrome -->
        <test-method signature="SelectCallAndGrid3(java.lang.String,java.lang.String)[pri:2, instance:com.spokenly.digitarm.CallReportTest@6e0f5f7f]" started-at="2022-04-20T14:38:23 WAT" name="SelectCallAndGrid3" data-provider="GridData" finished-at="2022-04-20T14:38:27 WAT" duration-ms="4653" status="PASS">
          <params>
            <param index="0">
              <value>
                <![CDATA[BU_TELCO_OR_AGENCE]]>
              </value>
            </param>
            <param index="1">
              <value>
                <![CDATA[BU TELCO_Orange FTTH_Agence_Appel Sortant ]]>
              </value>
            </param>
          </params>
          <reporter-output>
            <line>
              <![CDATA[Test is starting ....]]>
            </line>
            <line>
              <![CDATA[Logged in successfully]]>
            </line>
            <line>
              <![CDATA[Running Filter ....]]>
            </line>
            <line>
              <![CDATA[Element is present ....]]>
            </line>
          </reporter-output>
        </test-method> <!-- SelectCallAndGrid3 -->
        <test-method is-config="true" signature="tearDown(org.testng.ITestResult)[pri:0, instance:com.spokenly.digitarm.CallReportTest@6e0f5f7f]" started-at="2022-04-20T14:38:27 WAT" name="tearDown" finished-at="2022-04-20T14:38:28 WAT" duration-ms="261" status="PASS">
          <params>
            <param index="0">
              <value>
                <![CDATA[[TestResult name=SelectCallAndGrid3 status=SUCCESS method=CallReportTest.SelectCallAndGrid3(java.lang.String,java.lang.String)[pri:2, instance:com.spokenly.digitarm.CallReportTest@6e0f5f7f] output=Test is starting ....]]]>
              </value>
            </param>
          </params>
          <reporter-output>
            <line>
              <![CDATA[Browser closed]]>
            </line>
          </reporter-output>
        </test-method> <!-- tearDown -->
        <test-method is-config="true" signature="SetUpChrome()[pri:0, instance:com.spokenly.digitarm.CallReportTest@6e0f5f7f]" started-at="2022-04-20T14:38:28 WAT" name="SetUpChrome" finished-at="2022-04-20T14:38:29 WAT" duration-ms="1180" status="PASS">
          <reporter-output>
            <line>
              <![CDATA[Driver got initialized]]>
            </line>
          </reporter-output>
        </test-method> <!-- SetUpChrome -->
        <test-method signature="SelectCallAndGrid3(java.lang.String,java.lang.String)[pri:2, instance:com.spokenly.digitarm.CallReportTest@6e0f5f7f]" started-at="2022-04-20T14:38:29 WAT" name="SelectCallAndGrid3" data-provider="GridData" finished-at="2022-04-20T14:38:33 WAT" duration-ms="4631" status="PASS">
          <params>
            <param index="0">
              <value>
                <![CDATA[BU_TELCO_OR_AGENCE]]>
              </value>
            </param>
            <param index="1">
              <value>
                <![CDATA[BU TELCO_Orange FTTH_Réclamation_Appel Sortant ]]>
              </value>
            </param>
          </params>
          <reporter-output>
            <line>
              <![CDATA[Test is starting ....]]>
            </line>
            <line>
              <![CDATA[Logged in successfully]]>
            </line>
            <line>
              <![CDATA[Running Filter ....]]>
            </line>
            <line>
              <![CDATA[Element is present ....]]>
            </line>
          </reporter-output>
        </test-method> <!-- SelectCallAndGrid3 -->
        <test-method is-config="true" signature="tearDown(org.testng.ITestResult)[pri:0, instance:com.spokenly.digitarm.CallReportTest@6e0f5f7f]" started-at="2022-04-20T14:38:33 WAT" name="tearDown" finished-at="2022-04-20T14:38:34 WAT" duration-ms="341" status="PASS">
          <params>
            <param index="0">
              <value>
                <![CDATA[[TestResult name=SelectCallAndGrid3 status=SUCCESS method=CallReportTest.SelectCallAndGrid3(java.lang.String,java.lang.String)[pri:2, instance:com.spokenly.digitarm.CallReportTest@6e0f5f7f] output=Test is starting ....]]]>
              </value>
            </param>
          </params>
          <reporter-output>
            <line>
              <![CDATA[Browser closed]]>
            </line>
          </reporter-output>
        </test-method> <!-- tearDown -->
        <test-method is-config="true" signature="SetUpChrome()[pri:0, instance:com.spokenly.digitarm.CallReportTest@6e0f5f7f]" started-at="2022-04-20T14:38:34 WAT" name="SetUpChrome" finished-at="2022-04-20T14:38:35 WAT" duration-ms="1261" status="PASS">
          <reporter-output>
            <line>
              <![CDATA[Driver got initialized]]>
            </line>
          </reporter-output>
        </test-method> <!-- SetUpChrome -->
        <test-method signature="SelectCallAndGrid3(java.lang.String,java.lang.String)[pri:2, instance:com.spokenly.digitarm.CallReportTest@6e0f5f7f]" started-at="2022-04-20T14:38:35 WAT" name="SelectCallAndGrid3" data-provider="GridData" finished-at="2022-04-20T14:38:39 WAT" duration-ms="4247" status="PASS">
          <params>
            <param index="0">
              <value>
                <![CDATA[BU_TELCO_OR_AGENCE]]>
              </value>
            </param>
            <param index="1">
              <value>
                <![CDATA[BU TELCO_Just Fibre_Appel Sortant]]>
              </value>
            </param>
          </params>
          <reporter-output>
            <line>
              <![CDATA[Test is starting ....]]>
            </line>
            <line>
              <![CDATA[Logged in successfully]]>
            </line>
            <line>
              <![CDATA[Running Filter ....]]>
            </line>
            <line>
              <![CDATA[Element is present ....]]>
            </line>
          </reporter-output>
        </test-method> <!-- SelectCallAndGrid3 -->
        <test-method is-config="true" signature="tearDown(org.testng.ITestResult)[pri:0, instance:com.spokenly.digitarm.CallReportTest@6e0f5f7f]" started-at="2022-04-20T14:38:39 WAT" name="tearDown" finished-at="2022-04-20T14:38:40 WAT" duration-ms="212" status="PASS">
          <params>
            <param index="0">
              <value>
                <![CDATA[[TestResult name=SelectCallAndGrid3 status=SUCCESS method=CallReportTest.SelectCallAndGrid3(java.lang.String,java.lang.String)[pri:2, instance:com.spokenly.digitarm.CallReportTest@6e0f5f7f] output=Test is starting ....]]]>
              </value>
            </param>
          </params>
          <reporter-output>
            <line>
              <![CDATA[Browser closed]]>
            </line>
          </reporter-output>
        </test-method> <!-- tearDown -->
        <test-method is-config="true" signature="SetUpChrome()[pri:0, instance:com.spokenly.digitarm.CallReportTest@6e0f5f7f]" started-at="2022-04-20T14:38:40 WAT" name="SetUpChrome" finished-at="2022-04-20T14:38:41 WAT" duration-ms="1395" status="PASS">
          <reporter-output>
            <line>
              <![CDATA[Driver got initialized]]>
            </line>
          </reporter-output>
        </test-method> <!-- SetUpChrome -->
        <test-method signature="SelectCallAndGrid3(java.lang.String,java.lang.String)[pri:2, instance:com.spokenly.digitarm.CallReportTest@6e0f5f7f]" started-at="2022-04-20T14:38:41 WAT" name="SelectCallAndGrid3" data-provider="GridData" finished-at="2022-04-20T14:38:45 WAT" duration-ms="4309" status="PASS">
          <params>
            <param index="0">
              <value>
                <![CDATA[BU_TELCO_OR_AGENCE]]>
              </value>
            </param>
            <param index="1">
              <value>
                <![CDATA[BU TELCO_Orange FTTH_Agence_Appel Entrant]]>
              </value>
            </param>
          </params>
          <reporter-output>
            <line>
              <![CDATA[Test is starting ....]]>
            </line>
            <line>
              <![CDATA[Logged in successfully]]>
            </line>
            <line>
              <![CDATA[Running Filter ....]]>
            </line>
            <line>
              <![CDATA[Element is present ....]]>
            </line>
          </reporter-output>
        </test-method> <!-- SelectCallAndGrid3 -->
        <test-method is-config="true" signature="tearDown(org.testng.ITestResult)[pri:0, instance:com.spokenly.digitarm.CallReportTest@6e0f5f7f]" started-at="2022-04-20T14:38:45 WAT" name="tearDown" finished-at="2022-04-20T14:38:45 WAT" duration-ms="230" status="PASS">
          <params>
            <param index="0">
              <value>
                <![CDATA[[TestResult name=SelectCallAndGrid3 status=SUCCESS method=CallReportTest.SelectCallAndGrid3(java.lang.String,java.lang.String)[pri:2, instance:com.spokenly.digitarm.CallReportTest@6e0f5f7f] output=Test is starting ....]]]>
              </value>
            </param>
          </params>
          <reporter-output>
            <line>
              <![CDATA[Browser closed]]>
            </line>
          </reporter-output>
        </test-method> <!-- tearDown -->
        <test-method is-config="true" signature="SetUpChrome()[pri:0, instance:com.spokenly.digitarm.CallReportTest@6e0f5f7f]" started-at="2022-04-20T14:38:45 WAT" name="SetUpChrome" finished-at="2022-04-20T14:38:47 WAT" duration-ms="1396" status="PASS">
          <reporter-output>
            <line>
              <![CDATA[Driver got initialized]]>
            </line>
          </reporter-output>
        </test-method> <!-- SetUpChrome -->
        <test-method signature="SelectCallAndGrid3(java.lang.String,java.lang.String)[pri:2, instance:com.spokenly.digitarm.CallReportTest@6e0f5f7f]" started-at="2022-04-20T14:38:47 WAT" name="SelectCallAndGrid3" data-provider="GridData" finished-at="2022-04-20T14:38:52 WAT" duration-ms="5079" status="PASS">
          <params>
            <param index="0">
              <value>
                <![CDATA[BU_TELCO_OR_AGENCE]]>
              </value>
            </param>
            <param index="1">
              <value>
                <![CDATA[BU TELCO_Orange FTTH_Réclamation_Appel Entrant]]>
              </value>
            </param>
          </params>
          <reporter-output>
            <line>
              <![CDATA[Test is starting ....]]>
            </line>
            <line>
              <![CDATA[Logged in successfully]]>
            </line>
            <line>
              <![CDATA[Running Filter ....]]>
            </line>
            <line>
              <![CDATA[Element is present ....]]>
            </line>
          </reporter-output>
        </test-method> <!-- SelectCallAndGrid3 -->
        <test-method is-config="true" signature="tearDown(org.testng.ITestResult)[pri:0, instance:com.spokenly.digitarm.CallReportTest@6e0f5f7f]" started-at="2022-04-20T14:38:52 WAT" name="tearDown" finished-at="2022-04-20T14:38:52 WAT" duration-ms="270" status="PASS">
          <params>
            <param index="0">
              <value>
                <![CDATA[[TestResult name=SelectCallAndGrid3 status=SUCCESS method=CallReportTest.SelectCallAndGrid3(java.lang.String,java.lang.String)[pri:2, instance:com.spokenly.digitarm.CallReportTest@6e0f5f7f] output=Test is starting ....]]]>
              </value>
            </param>
          </params>
          <reporter-output>
            <line>
              <![CDATA[Browser closed]]>
            </line>
          </reporter-output>
        </test-method> <!-- tearDown -->
        <test-method is-config="true" signature="SetUpChrome()[pri:0, instance:com.spokenly.digitarm.CallReportTest@6e0f5f7f]" started-at="2022-04-20T14:38:52 WAT" name="SetUpChrome" finished-at="2022-04-20T14:38:53 WAT" duration-ms="1232" status="PASS">
          <reporter-output>
            <line>
              <![CDATA[Driver got initialized]]>
            </line>
          </reporter-output>
        </test-method> <!-- SetUpChrome -->
        <test-method signature="SelectCallAndGrid3(java.lang.String,java.lang.String)[pri:2, instance:com.spokenly.digitarm.CallReportTest@6e0f5f7f]" started-at="2022-04-20T14:38:53 WAT" name="SelectCallAndGrid3" data-provider="GridData" finished-at="2022-04-20T14:38:58 WAT" duration-ms="4369" status="PASS">
          <params>
            <param index="0">
              <value>
                <![CDATA[BU_TELCO_OR_AGENCE]]>
              </value>
            </param>
            <param index="1">
              <value>
                <![CDATA[BU TELCO_Just Fibre_Appel Entrant ]]>
              </value>
            </param>
          </params>
          <reporter-output>
            <line>
              <![CDATA[Test is starting ....]]>
            </line>
            <line>
              <![CDATA[Logged in successfully]]>
            </line>
            <line>
              <![CDATA[Running Filter ....]]>
            </line>
            <line>
              <![CDATA[Element is present ....]]>
            </line>
          </reporter-output>
        </test-method> <!-- SelectCallAndGrid3 -->
        <test-method is-config="true" signature="tearDown(org.testng.ITestResult)[pri:0, instance:com.spokenly.digitarm.CallReportTest@6e0f5f7f]" started-at="2022-04-20T14:38:58 WAT" name="tearDown" finished-at="2022-04-20T14:38:58 WAT" duration-ms="256" status="PASS">
          <params>
            <param index="0">
              <value>
                <![CDATA[[TestResult name=SelectCallAndGrid3 status=SUCCESS method=CallReportTest.SelectCallAndGrid3(java.lang.String,java.lang.String)[pri:2, instance:com.spokenly.digitarm.CallReportTest@6e0f5f7f] output=Test is starting ....]]]>
              </value>
            </param>
          </params>
          <reporter-output>
            <line>
              <![CDATA[Browser closed]]>
            </line>
          </reporter-output>
        </test-method> <!-- tearDown -->
        <test-method is-config="true" signature="SetUpChrome()[pri:0, instance:com.spokenly.digitarm.CallReportTest@6e0f5f7f]" started-at="2022-04-20T14:38:58 WAT" name="SetUpChrome" finished-at="2022-04-20T14:38:59 WAT" duration-ms="1215" status="PASS">
          <reporter-output>
            <line>
              <![CDATA[Driver got initialized]]>
            </line>
          </reporter-output>
        </test-method> <!-- SetUpChrome -->
        <test-method signature="SelectCallAndGrid3(java.lang.String,java.lang.String)[pri:2, instance:com.spokenly.digitarm.CallReportTest@6e0f5f7f]" started-at="2022-04-20T14:38:59 WAT" name="SelectCallAndGrid3" data-provider="GridData" finished-at="2022-04-20T14:39:03 WAT" duration-ms="3606" status="SKIP">
          <params>
            <param index="0">
              <value>
                <![CDATA[BU_TELCO_FREE_ENQUETTE_SAT]]>
              </value>
            </param>
            <param index="1">
              <value>
                <![CDATA[BU TELCO_Free_FO FTTH_Appel Entrant]]>
              </value>
            </param>
          </params>
          <exception class="org.testng.SkipException">
            <message>
              <![CDATA[The selected activity: BU_TELCO_FREE_ENQUETTE_SAT has no calls]]>
            </message>
            <full-stacktrace>
              <![CDATA[org.testng.SkipException: The selected activity: BU_TELCO_FREE_ENQUETTE_SAT has no calls
at com.spokenly.digitarm.CallReportTest.SelectCallAndGrid3(CallReportTest.java:96)
at java.base/jdk.internal.reflect.NativeMethodAccessorImpl.invoke0(Native Method)
at java.base/jdk.internal.reflect.NativeMethodAccessorImpl.invoke(NativeMethodAccessorImpl.java:77)
at java.base/jdk.internal.reflect.DelegatingMethodAccessorImpl.invoke(DelegatingMethodAccessorImpl.java:43)
at java.base/java.lang.reflect.Method.invoke(Method.java:568)
at org.testng.internal.MethodInvocationHelper.invokeMethod(MethodInvocationHelper.java:133)
at org.testng.internal.TestInvoker.invokeMethod(TestInvoker.java:598)
at org.testng.internal.TestInvoker.invokeTestMethod(TestInvoker.java:173)
at org.testng.internal.MethodRunner.runInSequence(MethodRunner.java:46)
at org.testng.internal.TestInvoker$MethodInvocationAgent.invoke(TestInvoker.java:824)
at org.testng.internal.TestInvoker.invokeTestMethods(TestInvoker.java:146)
at org.testng.internal.TestMethodWorker.invokeTestMethods(TestMethodWorker.java:146)
at org.testng.internal.TestMethodWorker.run(TestMethodWorker.java:128)
at java.base/java.util.ArrayList.forEach(ArrayList.java:1511)
at org.testng.TestRunner.privateRun(TestRunner.java:794)
at org.testng.TestRunner.run(TestRunner.java:596)
at org.testng.SuiteRunner.runTest(SuiteRunner.java:377)
at org.testng.SuiteRunner.runSequentially(SuiteRunner.java:371)
at org.testng.SuiteRunner.privateRun(SuiteRunner.java:332)
at org.testng.SuiteRunner.run(SuiteRunner.java:276)
at org.testng.SuiteRunnerWorker.runSuite(SuiteRunnerWorker.java:53)
at org.testng.SuiteRunnerWorker.run(SuiteRunnerWorker.java:96)
at org.testng.TestNG.runSuitesSequentially(TestNG.java:1212)
at org.testng.TestNG.runSuitesLocally(TestNG.java:1134)
at org.testng.TestNG.runSuites(TestNG.java:1063)
at org.testng.TestNG.run(TestNG.java:1031)
at org.testng.remote.AbstractRemoteTestNG.run(AbstractRemoteTestNG.java:115)
at org.testng.remote.RemoteTestNG.initAndRun(RemoteTestNG.java:251)
at org.testng.remote.RemoteTestNG.main(RemoteTestNG.java:77)
]]>
            </full-stacktrace>
          </exception> <!-- org.testng.SkipException -->
          <reporter-output>
            <line>
              <![CDATA[Test is starting ....]]>
            </line>
            <line>
              <![CDATA[Logged in successfully]]>
            </line>
            <line>
              <![CDATA[Running Filter ....]]>
            </line>
            <line>
              <![CDATA[Element is present ....]]>
            </line>
          </reporter-output>
        </test-method> <!-- SelectCallAndGrid3 -->
        <test-method is-config="true" signature="tearDown(org.testng.ITestResult)[pri:0, instance:com.spokenly.digitarm.CallReportTest@6e0f5f7f]" started-at="2022-04-20T14:39:03 WAT" name="tearDown" finished-at="2022-04-20T14:39:03 WAT" duration-ms="236" status="PASS">
          <params>
            <param index="0">
              <value>
                <![CDATA[[TestResult name=SelectCallAndGrid3 status=SKIP method=CallReportTest.SelectCallAndGrid3(java.lang.String,java.lang.String)[pri:2, instance:com.spokenly.digitarm.CallReportTest@6e0f5f7f] output=Test is starting ....]]]>
              </value>
            </param>
          </params>
          <reporter-output>
            <line>
              <![CDATA[Browser closed]]>
            </line>
          </reporter-output>
        </test-method> <!-- tearDown -->
      </class> <!-- com.spokenly.digitarm.CallReportTest -->
    </test> <!-- Default test -->
  </suite> <!-- Default suite -->
</testng-results>
